<?xml version="1.0" encoding="UTF-8"?>
<robot generator="Robot 4.0 (Python 3.8.5 on linux)" generated="20210427 09:57:10.847" rpa="false" schemaversion="2">
<suite id="s1" name="Visual Test" source="/home/gunter/Documents/mydeveloperplanet/pycharmprojects/MyDocTestPlanet/visual_test.robot">
<test id="s1-t1" name="01">
<kw name="Compare Images" library="DocTest.VisualTest">
<arg>images/base-image.png</arg>
<arg>images/base-image-with-triangle-difference.png</arg>
<doc>Compares the documents/images ``reference_image`` and ``test_image``.</doc>
<msg timestamp="20210427 09:57:12.114" level="INFO">Compare Image Object created in 0.0282 seconds
Compare Image Object created in 0.0285 seconds</msg>
<msg timestamp="20210427 09:57:12.114" level="INFO" html="true">&lt;a href='screenshots/2c70b608-a72e-11eb-b6ec-1b1d85b5104d_page_1_rectangles_concat.jpg' target='_blank'&gt;&lt;img src='screenshots/2c70b608-a72e-11eb-b6ec-1b1d85b5104d_page_1_rectangles_concat.jpg' style='width:50%; height: auto;'/&gt;&lt;/a&gt;</msg>
<msg timestamp="20210427 09:57:12.114" level="INFO" html="true">&lt;a href='screenshots/2c70b609-a72e-11eb-b6ec-1b1d85b5104d_page_1_blended.jpg' target='_blank'&gt;&lt;img src='screenshots/2c70b609-a72e-11eb-b6ec-1b1d85b5104d_page_1_blended.jpg' style='width:50%; height: auto;'/&gt;&lt;/a&gt;
The compared images are different</msg>
<msg timestamp="20210427 09:57:12.115" level="FAIL">The compared images are different.</msg>
<status status="FAIL" starttime="20210427 09:57:11.827" endtime="20210427 09:57:12.115"/>
</kw>
<doc>Compare Two Images With Triangle Difference</doc>
<status status="FAIL" starttime="20210427 09:57:11.827" endtime="20210427 09:57:12.115">The compared images are different.</status>
</test>
<test id="s1-t2" name="02">
<kw name="Compare Images" library="DocTest.VisualTest">
<arg>images/base-image.png</arg>
<arg>images/base-image-with-triangle-difference.png</arg>
<arg>placeholder_file=masks/masks-time.json</arg>
<doc>Compares the documents/images ``reference_image`` and ``test_image``.</doc>
<msg timestamp="20210427 09:57:13.126" level="INFO">Re-Render document for OCR at 300 DPI as current resolution is only 72 DPI
Compare Image Object created in 0.0233 seconds
Identified Masks: [{'page': 1, 'x': 16, 'y': 1086, 'height': 18, 'width': 101}]
Compare Image Object created in 0.8187 seconds</msg>
<msg timestamp="20210427 09:57:13.126" level="INFO" html="true">&lt;a href='screenshots/2d0b1ff4-a72e-11eb-b6ec-1b1d85b5104d_page_1_rectangles_concat.jpg' target='_blank'&gt;&lt;img src='screenshots/2d0b1ff4-a72e-11eb-b6ec-1b1d85b5104d_page_1_rectangles_concat.jpg' style='width:50%; height: auto;'/&gt;&lt;/a&gt;</msg>
<msg timestamp="20210427 09:57:13.126" level="INFO" html="true">&lt;a href='screenshots/2d0b1ff5-a72e-11eb-b6ec-1b1d85b5104d_page_1_blended.jpg' target='_blank'&gt;&lt;img src='screenshots/2d0b1ff5-a72e-11eb-b6ec-1b1d85b5104d_page_1_blended.jpg' style='width:50%; height: auto;'/&gt;&lt;/a&gt;
The compared images are different</msg>
<msg timestamp="20210427 09:57:13.127" level="FAIL">The compared images are different.</msg>
<status status="FAIL" starttime="20210427 09:57:12.115" endtime="20210427 09:57:13.127"/>
</kw>
<doc>Compare Two Images With Triangle difference and Time Mask</doc>
<status status="FAIL" starttime="20210427 09:57:12.115" endtime="20210427 09:57:13.127">The compared images are different.</status>
</test>
<test id="s1-t3" name="03">
<kw name="Compare Images" library="DocTest.VisualTest">
<arg>images/base-image.png</arg>
<arg>images/base-image-with-time-difference.png</arg>
<arg>placeholder_file=masks/masks-time.json</arg>
<doc>Compares the documents/images ``reference_image`` and ``test_image``.</doc>
<msg timestamp="20210427 09:57:13.988" level="INFO">Re-Render document for OCR at 300 DPI as current resolution is only 72 DPI
Compare Image Object created in 0.0280 seconds
Identified Masks: [{'page': 1, 'x': 16, 'y': 1086, 'height': 18, 'width': 101}]
Compare Image Object created in 0.7586 seconds
The compared images are equal
Visual Image comparison performed in 0.0986 seconds</msg>
<status status="PASS" starttime="20210427 09:57:13.128" endtime="20210427 09:57:13.989"/>
</kw>
<doc>Compare Two Images With Time Mask</doc>
<status status="PASS" starttime="20210427 09:57:13.128" endtime="20210427 09:57:13.989"/>
</test>
<test id="s1-t4" name="04">
<kw name="Compare Images" library="DocTest.VisualTest">
<arg>images/base-image.png</arg>
<arg>images/base-image-with-triangle-difference.png</arg>
<arg>placeholder_file=masks/masks-bottom.json</arg>
<doc>Compares the documents/images ``reference_image`` and ``test_image``.</doc>
<msg timestamp="20210427 09:57:14.213" level="INFO">Compare Image Object created in 0.0266 seconds
Identified Masks: [{'page': 'all', 'x': 0, 'y': 1011, 'height': 112, 'width': 794}]
Compare Image Object created in 0.0320 seconds</msg>
<msg timestamp="20210427 09:57:14.213" level="INFO" html="true">&lt;a href='screenshots/2db12944-a72e-11eb-b6ec-1b1d85b5104d_page_1_rectangles_concat.jpg' target='_blank'&gt;&lt;img src='screenshots/2db12944-a72e-11eb-b6ec-1b1d85b5104d_page_1_rectangles_concat.jpg' style='width:50%; height: auto;'/&gt;&lt;/a&gt;</msg>
<msg timestamp="20210427 09:57:14.213" level="INFO" html="true">&lt;a href='screenshots/2db12945-a72e-11eb-b6ec-1b1d85b5104d_page_1_blended.jpg' target='_blank'&gt;&lt;img src='screenshots/2db12945-a72e-11eb-b6ec-1b1d85b5104d_page_1_blended.jpg' style='width:50%; height: auto;'/&gt;&lt;/a&gt;
The compared images are different</msg>
<msg timestamp="20210427 09:57:14.214" level="FAIL">The compared images are different.</msg>
<status status="FAIL" starttime="20210427 09:57:13.990" endtime="20210427 09:57:14.214"/>
</kw>
<doc>Compare Two Images With Bottom Mask</doc>
<status status="FAIL" starttime="20210427 09:57:13.989" endtime="20210427 09:57:14.214">The compared images are different.</status>
</test>
<test id="s1-t5" name="05">
<kw name="Compare Images" library="DocTest.VisualTest">
<arg>images/base-image.png</arg>
<arg>images/base-image-with-small-move.png</arg>
<doc>Compares the documents/images ``reference_image`` and ``test_image``.</doc>
<msg timestamp="20210427 09:57:14.434" level="INFO">Compare Image Object created in 0.0214 seconds
Compare Image Object created in 0.0348 seconds</msg>
<msg timestamp="20210427 09:57:14.434" level="INFO" html="true">&lt;a href='screenshots/2dd2ee12-a72e-11eb-b6ec-1b1d85b5104d_page_1_rectangles_concat.jpg' target='_blank'&gt;&lt;img src='screenshots/2dd2ee12-a72e-11eb-b6ec-1b1d85b5104d_page_1_rectangles_concat.jpg' style='width:50%; height: auto;'/&gt;&lt;/a&gt;</msg>
<msg timestamp="20210427 09:57:14.434" level="INFO" html="true">&lt;a href='screenshots/2dd2ee13-a72e-11eb-b6ec-1b1d85b5104d_page_1_blended.jpg' target='_blank'&gt;&lt;img src='screenshots/2dd2ee13-a72e-11eb-b6ec-1b1d85b5104d_page_1_blended.jpg' style='width:50%; height: auto;'/&gt;&lt;/a&gt;
The compared images are different</msg>
<msg timestamp="20210427 09:57:14.434" level="FAIL">The compared images are different.</msg>
<status status="FAIL" starttime="20210427 09:57:14.215" endtime="20210427 09:57:14.434"/>
</kw>
<doc>Compare Two Images With Small Move</doc>
<status status="FAIL" starttime="20210427 09:57:14.214" endtime="20210427 09:57:14.434">The compared images are different.</status>
</test>
<test id="s1-t6" name="06">
<kw name="Compare Images" library="DocTest.VisualTest">
<arg>images/base-image.png</arg>
<arg>images/base-image-with-small-move.png</arg>
<arg>move_tolerance=10</arg>
<doc>Compares the documents/images ``reference_image`` and ``test_image``.</doc>
<msg timestamp="20210427 09:57:14.650" level="INFO">Compare Image Object created in 0.0205 seconds
Compare Image Object created in 0.0216 seconds</msg>
<msg timestamp="20210427 09:57:14.650" level="INFO" html="true">&lt;a href='screenshots/2df1dc32-a72e-11eb-b6ec-1b1d85b5104d_page_1_rectangles_concat.jpg' target='_blank'&gt;&lt;img src='screenshots/2df1dc32-a72e-11eb-b6ec-1b1d85b5104d_page_1_rectangles_concat.jpg' style='width:50%; height: auto;'/&gt;&lt;/a&gt;</msg>
<msg timestamp="20210427 09:57:14.650" level="INFO" html="true">&lt;a href='screenshots/2df1dc33-a72e-11eb-b6ec-1b1d85b5104d_page_1_blended.jpg' target='_blank'&gt;&lt;img src='screenshots/2df1dc33-a72e-11eb-b6ec-1b1d85b5104d_page_1_blended.jpg' style='width:50%; height: auto;'/&gt;&lt;/a&gt;
Find partial image position
Image section moved  4  pixels
This is within the allowed range of  10  pixels</msg>
<msg timestamp="20210427 09:57:14.650" level="INFO" html="true">&lt;a href='screenshots/2df1dc34-a72e-11eb-b6ec-1b1d85b5104d_diff_area_blended.jpg' target='_blank'&gt;&lt;img src='screenshots/2df1dc34-a72e-11eb-b6ec-1b1d85b5104d_diff_area_blended.jpg' style='width:50%; height: auto;'/&gt;&lt;/a&gt;
The compared images are equal
Visual Image comparison performed in 0.1896 seconds</msg>
<status status="PASS" starttime="20210427 09:57:14.435" endtime="20210427 09:57:14.650"/>
</kw>
<doc>Compare Two Images With Small Move And Move Tolerance</doc>
<status status="PASS" starttime="20210427 09:57:14.435" endtime="20210427 09:57:14.650"/>
</test>
<test id="s1-t7" name="07">
<kw name="Compare Images" library="DocTest.VisualTest">
<arg>pdf/base-report.pdf</arg>
<arg>pdf/base-report-with-small-difference.pdf</arg>
<arg>get_pdf_content=${true}</arg>
<doc>Compares the documents/images ``reference_image`` and ``test_image``.</doc>
<msg timestamp="20210427 09:57:15.992" level="INFO">Rendering document to pyWand Image performed in 0.3106 seconds
Rendering document to pyWand Image performed in 0.3634 seconds
Conversion from pyWand Image to OpenCV Image performed in 0.2293 seconds
Compare Image Object created in 0.5584 seconds
Conversion from pyWand Image to OpenCV Image performed in 0.2017 seconds
Compare Image Object created in 0.5796 seconds</msg>
<msg timestamp="20210427 09:57:15.992" level="INFO" html="true">&lt;a href='screenshots/2eb2b498-a72e-11eb-b6ec-1b1d85b5104d_page_1_rectangles_concat.jpg' target='_blank'&gt;&lt;img src='screenshots/2eb2b498-a72e-11eb-b6ec-1b1d85b5104d_page_1_rectangles_concat.jpg' style='width:50%; height: auto;'/&gt;&lt;/a&gt;</msg>
<msg timestamp="20210427 09:57:15.992" level="INFO" html="true">&lt;a href='screenshots/2eb2b499-a72e-11eb-b6ec-1b1d85b5104d_page_1_blended.jpg' target='_blank'&gt;&lt;img src='screenshots/2eb2b499-a72e-11eb-b6ec-1b1d85b5104d_page_1_blended.jpg' style='width:50%; height: auto;'/&gt;&lt;/a&gt;
The compared images are different</msg>
<msg timestamp="20210427 09:57:15.993" level="FAIL">The compared images are different.</msg>
<status status="FAIL" starttime="20210427 09:57:14.651" endtime="20210427 09:57:15.993"/>
</kw>
<doc>Compare Two PDF Files With Small Difference</doc>
<status status="FAIL" starttime="20210427 09:57:14.650" endtime="20210427 09:57:15.993">The compared images are different.</status>
</test>
<test id="s1-t8" name="08">
<kw name="Compare Images" library="DocTest.VisualTest">
<arg>pdf/base-report.pdf</arg>
<arg>pdf/base-report-with-small-difference.pdf</arg>
<arg>placeholder_file=masks/masks-date.json</arg>
<arg>get_pdf_content=${true}</arg>
<doc>Compares the documents/images ``reference_image`` and ``test_image``.</doc>
<msg timestamp="20210427 09:57:17.310" level="INFO">Rendering document to pyWand Image performed in 0.2730 seconds
Rendering document to pyWand Image performed in 0.3207 seconds
Conversion from pyWand Image to OpenCV Image performed in 0.2499 seconds
Conversion from pyWand Image to OpenCV Image performed in 0.2137 seconds
Identified Masks: [{'page': 1, 'x': 157, 'y': 1248, 'height': 33, 'width': 290}]
Compare Image Object created in 0.5464 seconds
Compare Image Object created in 0.5562 seconds</msg>
<msg timestamp="20210427 09:57:17.310" level="INFO" html="true">&lt;a href='screenshots/2f7cb32e-a72e-11eb-b6ec-1b1d85b5104d_page_1_rectangles_concat.jpg' target='_blank'&gt;&lt;img src='screenshots/2f7cb32e-a72e-11eb-b6ec-1b1d85b5104d_page_1_rectangles_concat.jpg' style='width:50%; height: auto;'/&gt;&lt;/a&gt;</msg>
<msg timestamp="20210427 09:57:17.310" level="INFO" html="true">&lt;a href='screenshots/2f7cb32f-a72e-11eb-b6ec-1b1d85b5104d_page_1_blended.jpg' target='_blank'&gt;&lt;img src='screenshots/2f7cb32f-a72e-11eb-b6ec-1b1d85b5104d_page_1_blended.jpg' style='width:50%; height: auto;'/&gt;&lt;/a&gt;
The compared images are different</msg>
<msg timestamp="20210427 09:57:17.310" level="FAIL">The compared images are different.</msg>
<status status="FAIL" starttime="20210427 09:57:15.994" endtime="20210427 09:57:17.310"/>
</kw>
<doc>Compare Two PDF Files With Small Difference and Date Mask</doc>
<status status="FAIL" starttime="20210427 09:57:15.993" endtime="20210427 09:57:17.311">The compared images are different.</status>
</test>
<status status="FAIL" starttime="20210427 09:57:10.848" endtime="20210427 09:57:17.312"/>
</suite>
<statistics>
<total>
<stat pass="2" fail="6" skip="0">All Tests</stat>
</total>
<tag>
</tag>
<suite>
<stat pass="2" fail="6" skip="0" id="s1" name="Visual Test">Visual Test</stat>
</suite>
</statistics>
<errors>
</errors>
</robot>
